-------------------------------------------------------------------------------
Test set: org.example.AppTest
-------------------------------------------------------------------------------
Tests run: 8, Failures: 1, Errors: 0, Skipped: 0, Time elapsed: 0.048 s <<< FAILURE! - in org.example.AppTest
validarSuma(org.example.AppTest)  Time elapsed: 0.006 s  <<< FAILURE!
java.lang.AssertionError: expected:<31> but was:<30>
	at org.example.AppTest.validarSuma(AppTest.java:32)

